\BOOKMARK [0][-]{chapter.1}{About\040TUMlatex}{}% 1
\BOOKMARK [1][-]{section.1.1}{Introduction}{chapter.1}% 2
\BOOKMARK [1][-]{section.1.2}{Quick-Start-Guide\040for\040Beginners}{chapter.1}% 3
\BOOKMARK [2][-]{subsection.1.2.1}{Installation}{section.1.2}% 4
\BOOKMARK [2][-]{subsection.1.2.2}{Create\040your\040own\040Document}{section.1.2}% 5
\BOOKMARK [2][-]{subsection.1.2.3}{Documentation}{section.1.2}% 6
\BOOKMARK [2][-]{subsection.1.2.4}{Bugs,\040Errors\040and\040Suggestions}{section.1.2}% 7
\BOOKMARK [1][-]{section.1.3}{Guide\040for\040Developers/Contributors}{chapter.1}% 8
\BOOKMARK [1][-]{section.1.4}{Support}{chapter.1}% 9
\BOOKMARK [1][-]{section.1.5}{License\040Notes}{chapter.1}% 10
\BOOKMARK [0][-]{chapter.2}{I6\040Submission\040Guidelines}{}% 11
\BOOKMARK [1][-]{section.2.1}{Citations}{chapter.2}% 12
\BOOKMARK [1][-]{section.2.2}{Figures}{chapter.2}% 13
\BOOKMARK [1][-]{section.2.3}{Math\040Notation}{chapter.2}% 14
\BOOKMARK [1][-]{section.2.4}{Length}{chapter.2}% 15
\BOOKMARK [1][-]{section.2.5}{Cover}{chapter.2}% 16
\BOOKMARK [1][-]{section.2.6}{CD\040or\040DVD}{chapter.2}% 17
\BOOKMARK [0][-]{chapter.3}{Examples}{}% 18
\BOOKMARK [1][-]{section.3.1}{Figures}{chapter.3}% 19
\BOOKMARK [1][-]{section.3.2}{Tables}{chapter.3}% 20
\BOOKMARK [1][-]{section.3.3}{Citations}{chapter.3}% 21
\BOOKMARK [1][-]{section.3.4}{Equations}{chapter.3}% 22
\BOOKMARK [1][-]{section.3.5}{Algorithms}{chapter.3}% 23
\BOOKMARK [1][-]{section.3.6}{Plots}{chapter.3}% 24
\BOOKMARK [1][-]{section.3.7}{Sections}{chapter.3}% 25
\BOOKMARK [2][-]{subsection.3.7.1}{Subsection\0401}{section.3.7}% 26
\BOOKMARK [2][-]{subsection.3.7.2}{Subsection\0402}{section.3.7}% 27
\BOOKMARK [2][-]{subsection.3.7.3}{Subsection\0403}{section.3.7}% 28
\BOOKMARK [0][-]{appendix.A}{Appendix\0401}{}% 29
